2025-04-04 07:29:46.262963 - Received CBT.V508.FILE300.PDS from FILE300.XMI 
2025-04-04 07:29:46.278748 - Found $$$#DATE.txt (text/plain) in CBT.V508.FILE300.PDS, moved to PDS/$$$#DATE
2025-04-04 07:29:46.278926 - Found $$CHANLG.txt (text/plain) in CBT.V508.FILE300.PDS, moved to PDS/$$CHANLG
2025-04-04 07:29:46.279077 - Found $$PROSE.txt (text/plain) in CBT.V508.FILE300.PDS, moved to PDS/$$PROSE
2025-04-04 07:29:46.279227 - Found $$ZDOC.txt (text/plain) in CBT.V508.FILE300.PDS, moved to PDS/$$ZDOC
2025-04-04 07:29:46.279348 - Found $DI.txt (text/plain) in CBT.V508.FILE300.PDS, moved to PDS/$DI
2025-04-04 07:29:46.279473 - Found $DI$.txt (text/plain) in CBT.V508.FILE300.PDS, moved to PDS/$DI$
2025-04-04 07:29:46.279586 - Found $DI#.txt (text/plain) in CBT.V508.FILE300.PDS, moved to PDS/$DI#
2025-04-04 07:29:46.279745 - Found $DIO.txt (text/plain) in CBT.V508.FILE300.PDS, moved to PDS/$DIO
2025-04-04 07:29:46.279874 - Found @FILE300.txt (text/plain) in CBT.V508.FILE300.PDS, moved to PDS/@FILE300
2025-04-04 07:29:46.280005 - Found ABEND#.txt (text/plain) in CBT.V508.FILE300.PDS, moved to PDS/ABEND#
2025-04-04 07:29:46.280154 - Found ABEND##.txt (text/plain) in CBT.V508.FILE300.PDS, moved to PDS/ABEND##
2025-04-04 07:29:46.280266 - Found ACTIVE.txt (text/plain) in CBT.V508.FILE300.PDS, moved to PDS/ACTIVE
2025-04-04 07:29:46.280382 - Found ASK.txt (text/plain) in CBT.V508.FILE300.PDS, moved to PDS/ASK
2025-04-04 07:29:46.280503 - Found ASK$.txt (text/plain) in CBT.V508.FILE300.PDS, moved to PDS/ASK$
2025-04-04 07:29:46.280624 - Found ASK#.txt (text/plain) in CBT.V508.FILE300.PDS, moved to PDS/ASK#
2025-04-04 07:29:46.280760 - Found ASMF$.txt (text/plain) in CBT.V508.FILE300.PDS, moved to PDS/ASMF$
2025-04-04 07:29:46.280906 - Found ASMF#.txt (text/plain) in CBT.V508.FILE300.PDS, moved to PDS/ASMF#
2025-04-04 07:29:46.281034 - Found ASMG.txt (text/plain) in CBT.V508.FILE300.PDS, moved to PDS/ASMG
2025-04-04 07:29:46.281150 - Found ASMG$.txt (text/plain) in CBT.V508.FILE300.PDS, moved to PDS/ASMG$
2025-04-04 07:29:46.281295 - Found ASMG#.txt (text/plain) in CBT.V508.FILE300.PDS, moved to PDS/ASMG#
2025-04-04 07:29:46.281410 - Found ASMG2.txt (text/plain) in CBT.V508.FILE300.PDS, moved to PDS/ASMG2
2025-04-04 07:29:46.281556 - Found ASMH.txt (text/plain) in CBT.V508.FILE300.PDS, moved to PDS/ASMH
2025-04-04 07:29:46.281672 - Found ASMH$.txt (text/plain) in CBT.V508.FILE300.PDS, moved to PDS/ASMH$
2025-04-04 07:29:46.281788 - Found ASMH#.txt (text/plain) in CBT.V508.FILE300.PDS, moved to PDS/ASMH#
2025-04-04 07:29:46.281905 - Found ASMHNOX.txt (text/plain) in CBT.V508.FILE300.PDS, moved to PDS/ASMHNOX
2025-04-04 07:29:46.282045 - Found AUCMD.txt (text/plain) in CBT.V508.FILE300.PDS, moved to PDS/AUCMD
2025-04-04 07:29:46.282155 - Found AUCMD$.jcl (text/plain) in CBT.V508.FILE300.PDS, moved to PDS/AUCMD$
2025-04-04 07:29:46.282266 - Found AUCMD#.txt (text/plain) in CBT.V508.FILE300.PDS, moved to PDS/AUCMD#
2025-04-04 07:29:46.282379 - Found AUCMDA.txt (text/plain) in CBT.V508.FILE300.PDS, moved to PDS/AUCMDA
2025-04-04 07:29:46.282490 - Found AUCMDA$.jcl (text/plain) in CBT.V508.FILE300.PDS, moved to PDS/AUCMDA$
2025-04-04 07:29:46.282631 - Found AUCMD1.txt (text/plain) in CBT.V508.FILE300.PDS, moved to PDS/AUCMD1
2025-04-04 07:29:46.282758 - Found AUCMD2.txt (text/plain) in CBT.V508.FILE300.PDS, moved to PDS/AUCMD2
2025-04-04 07:29:46.282879 - Found AUPGM.txt (text/plain) in CBT.V508.FILE300.PDS, moved to PDS/AUPGM
2025-04-04 07:29:46.282990 - Found AUPGM$.txt (text/plain) in CBT.V508.FILE300.PDS, moved to PDS/AUPGM$
2025-04-04 07:29:46.283099 - Found AUPGM#.txt (text/plain) in CBT.V508.FILE300.PDS, moved to PDS/AUPGM#
2025-04-04 07:29:46.283217 - Found AUPGM01.txt (text/plain) in CBT.V508.FILE300.PDS, moved to PDS/AUPGM01
2025-04-04 07:29:46.283327 - Found CALC.txt (text/plain) in CBT.V508.FILE300.PDS, moved to PDS/CALC
2025-04-04 07:29:46.283439 - Found CALC$.jcl (text/plain) in CBT.V508.FILE300.PDS, moved to PDS/CALC$
2025-04-04 07:29:46.283547 - Found CALC$O.txt (text/plain) in CBT.V508.FILE300.PDS, moved to PDS/CALC$O
2025-04-04 07:29:46.283662 - Found CALC#.txt (text/plain) in CBT.V508.FILE300.PDS, moved to PDS/CALC#
2025-04-04 07:29:46.283791 - Found CALC@.txt (text/plain) in CBT.V508.FILE300.PDS, moved to PDS/CALC@
2025-04-04 07:29:46.283928 - Found CALCINST.txt (text/plain) in CBT.V508.FILE300.PDS, moved to PDS/CALCINST
2025-04-04 07:29:46.284038 - Found CALCIN14.jcl (text/plain) in CBT.V508.FILE300.PDS, moved to PDS/CALCIN14
2025-04-04 07:29:46.284146 - Found CALCIN23.jcl (text/plain) in CBT.V508.FILE300.PDS, moved to PDS/CALCIN23
2025-04-04 07:29:46.284264 - Found CALCLE41.jcl (text/plain) in CBT.V508.FILE300.PDS, moved to PDS/CALCLE41
2025-04-04 07:29:46.284395 - Found CALCO.txt (text/plain) in CBT.V508.FILE300.PDS, moved to PDS/CALCO
2025-04-04 07:29:46.284515 - Found CALCSUB.txt (text/plain) in CBT.V508.FILE300.PDS, moved to PDS/CALCSUB
2025-04-04 07:29:46.284625 - Found CALCSUB#.txt (text/plain) in CBT.V508.FILE300.PDS, moved to PDS/CALCSUB#
2025-04-04 07:29:46.284750 - Found CATMAN.txt (text/plain) in CBT.V508.FILE300.PDS, moved to PDS/CATMAN
2025-04-04 07:29:46.284859 - Found CATMAN$.txt (text/plain) in CBT.V508.FILE300.PDS, moved to PDS/CATMAN$
2025-04-04 07:29:46.284971 - Found CATMAN#.txt (text/plain) in CBT.V508.FILE300.PDS, moved to PDS/CATMAN#
2025-04-04 07:29:46.285086 - Found CATPW.txt (text/plain) in CBT.V508.FILE300.PDS, moved to PDS/CATPW
2025-04-04 07:29:46.285215 - Found CATPW#.txt (text/plain) in CBT.V508.FILE300.PDS, moved to PDS/CATPW#
2025-04-04 07:29:46.285325 - Found CBUF.txt (text/plain) in CBT.V508.FILE300.PDS, moved to PDS/CBUF
2025-04-04 07:29:46.285437 - Found CBUF$.jcl (text/plain) in CBT.V508.FILE300.PDS, moved to PDS/CBUF$
2025-04-04 07:29:46.285562 - Found CDSCB.txt (text/plain) in CBT.V508.FILE300.PDS, moved to PDS/CDSCB
2025-04-04 07:29:46.285672 - Found CDSCB$.jcl (text/plain) in CBT.V508.FILE300.PDS, moved to PDS/CDSCB$
2025-04-04 07:29:46.285803 - Found CDSCB$$.jcl (text/plain) in CBT.V508.FILE300.PDS, moved to PDS/CDSCB$$
2025-04-04 07:29:46.285919 - Found CDSCB#.txt (text/plain) in CBT.V508.FILE300.PDS, moved to PDS/CDSCB#
2025-04-04 07:29:46.286038 - Found CDSCBO.txt (text/plain) in CBT.V508.FILE300.PDS, moved to PDS/CDSCBO
2025-04-04 07:29:46.286170 - Found CDSCB1.txt (text/plain) in CBT.V508.FILE300.PDS, moved to PDS/CDSCB1
2025-04-04 07:29:46.286310 - Found CLRSCRN.txt (text/plain) in CBT.V508.FILE300.PDS, moved to PDS/CLRSCRN
2025-04-04 07:29:46.286430 - Found CLRSCRN$.txt (text/plain) in CBT.V508.FILE300.PDS, moved to PDS/CLRSCRN$
2025-04-04 07:29:46.286536 - Found CLRSCRN#.txt (text/plain) in CBT.V508.FILE300.PDS, moved to PDS/CLRSCRN#
2025-04-04 07:29:46.286642 - Found CLR2000.txt (text/plain) in CBT.V508.FILE300.PDS, moved to PDS/CLR2000
2025-04-04 07:29:46.286749 - Found CLR2000$.txt (text/plain) in CBT.V508.FILE300.PDS, moved to PDS/CLR2000$
2025-04-04 07:29:46.286858 - Found CLR2000#.txt (text/plain) in CBT.V508.FILE300.PDS, moved to PDS/CLR2000#
2025-04-04 07:29:46.286976 - Found CMD.txt (text/plain) in CBT.V508.FILE300.PDS, moved to PDS/CMD
2025-04-04 07:29:46.287104 - Found CMD$.jcl (text/plain) in CBT.V508.FILE300.PDS, moved to PDS/CMD$
2025-04-04 07:29:46.287216 - Found CMDLOFF.txt (text/plain) in CBT.V508.FILE300.PDS, moved to PDS/CMDLOFF
2025-04-04 07:29:46.287324 - Found CMDLOFF$.jcl (text/plain) in CBT.V508.FILE300.PDS, moved to PDS/CMDLOFF$
2025-04-04 07:29:46.287433 - Found CMDLOFF#.txt (text/plain) in CBT.V508.FILE300.PDS, moved to PDS/CMDLOFF#
2025-04-04 07:29:46.287563 - Found CMDLOFFO.txt (text/plain) in CBT.V508.FILE300.PDS, moved to PDS/CMDLOFFO
2025-04-04 07:29:46.287678 - Found CMDOLD.txt (text/plain) in CBT.V508.FILE300.PDS, moved to PDS/CMDOLD
2025-04-04 07:29:46.287790 - Found CMDOLD$.jcl (text/plain) in CBT.V508.FILE300.PDS, moved to PDS/CMDOLD$
2025-04-04 07:29:46.287900 - Found COBMVS.txt (text/plain) in CBT.V508.FILE300.PDS, moved to PDS/COBMVS
2025-04-04 07:29:46.288012 - Found COBMVS$.txt (text/plain) in CBT.V508.FILE300.PDS, moved to PDS/COBMVS$
2025-04-04 07:29:46.288135 - Found COBMVS#.txt (text/plain) in CBT.V508.FILE300.PDS, moved to PDS/COBMVS#
2025-04-04 07:29:46.288244 - Found COBOLCH$.txt (text/plain) in CBT.V508.FILE300.PDS, moved to PDS/COBOLCH$
2025-04-04 07:29:46.288357 - Found COBOLCH#.txt (text/plain) in CBT.V508.FILE300.PDS, moved to PDS/COBOLCH#
2025-04-04 07:29:46.288485 - Found COBOLCHK.txt (text/plain) in CBT.V508.FILE300.PDS, moved to PDS/COBOLCHK
2025-04-04 07:29:46.288599 - Found COB2CHK.txt (text/plain) in CBT.V508.FILE300.PDS, moved to PDS/COB2CHK
2025-04-04 07:29:46.288706 - Found COB2CHK$.txt (text/plain) in CBT.V508.FILE300.PDS, moved to PDS/COB2CHK$
2025-04-04 07:29:46.288815 - Found COB2CHK#.txt (text/plain) in CBT.V508.FILE300.PDS, moved to PDS/COB2CHK#
2025-04-04 07:29:46.288929 - Found COMPARE.txt (text/plain) in CBT.V508.FILE300.PDS, moved to PDS/COMPARE
2025-04-04 07:29:46.289046 - Found COMPARE$.txt (text/plain) in CBT.V508.FILE300.PDS, moved to PDS/COMPARE$
2025-04-04 07:29:46.289169 - Found COMPARE#.txt (text/plain) in CBT.V508.FILE300.PDS, moved to PDS/COMPARE#
2025-04-04 07:29:46.289278 - Found COMPAREB.txt (text/plain) in CBT.V508.FILE300.PDS, moved to PDS/COMPAREB
2025-04-04 07:29:46.289389 - Found COMPRES$.jcl (text/plain) in CBT.V508.FILE300.PDS, moved to PDS/COMPRES$
2025-04-04 07:29:46.289499 - Found COMPRES#.txt (text/plain) in CBT.V508.FILE300.PDS, moved to PDS/COMPRES#
2025-04-04 07:29:46.289620 - Found COMPRESO.txt (text/plain) in CBT.V508.FILE300.PDS, moved to PDS/COMPRESO
2025-04-04 07:29:46.289729 - Found COMPRESS.txt (text/plain) in CBT.V508.FILE300.PDS, moved to PDS/COMPRESS
2025-04-04 07:29:46.289838 - Found CONCAT.txt (text/plain) in CBT.V508.FILE300.PDS, moved to PDS/CONCAT
2025-04-04 07:29:46.289947 - Found CONCAT$.txt (text/plain) in CBT.V508.FILE300.PDS, moved to PDS/CONCAT$
2025-04-04 07:29:46.290055 - Found CONCAT#.txt (text/plain) in CBT.V508.FILE300.PDS, moved to PDS/CONCAT#
2025-04-04 07:29:46.290194 - Found COPYPDS.txt (text/plain) in CBT.V508.FILE300.PDS, moved to PDS/COPYPDS
2025-04-04 07:29:46.290308 - Found COPYPDS$.txt (text/plain) in CBT.V508.FILE300.PDS, moved to PDS/COPYPDS$
2025-04-04 07:29:46.290416 - Found COPYPDS#.txt (text/plain) in CBT.V508.FILE300.PDS, moved to PDS/COPYPDS#
2025-04-04 07:29:46.290535 - Found COPYSDS.txt (text/plain) in CBT.V508.FILE300.PDS, moved to PDS/COPYSDS
2025-04-04 07:29:46.290659 - Found COPYSDS$.txt (text/plain) in CBT.V508.FILE300.PDS, moved to PDS/COPYSDS$
2025-04-04 07:29:46.290779 - Found COPYSDS#.txt (text/plain) in CBT.V508.FILE300.PDS, moved to PDS/COPYSDS#
2025-04-04 07:29:46.290890 - Found COUNT.txt (text/plain) in CBT.V508.FILE300.PDS, moved to PDS/COUNT
2025-04-04 07:29:46.290994 - Found COUNT$.jcl (text/plain) in CBT.V508.FILE300.PDS, moved to PDS/COUNT$
2025-04-04 07:29:46.291107 - Found COUNT#.txt (text/plain) in CBT.V508.FILE300.PDS, moved to PDS/COUNT#
2025-04-04 07:29:46.291229 - Found COUNTA.txt (text/plain) in CBT.V508.FILE300.PDS, moved to PDS/COUNTA
2025-04-04 07:29:46.291346 - Found COUNT1.txt (text/plain) in CBT.V508.FILE300.PDS, moved to PDS/COUNT1
2025-04-04 07:29:46.291464 - Found COUNT1A.txt (text/plain) in CBT.V508.FILE300.PDS, moved to PDS/COUNT1A
2025-04-04 07:29:46.291597 - Found COUNT2.txt (text/plain) in CBT.V508.FILE300.PDS, moved to PDS/COUNT2
2025-04-04 07:29:46.291721 - Found CPSCB.txt (text/plain) in CBT.V508.FILE300.PDS, moved to PDS/CPSCB
2025-04-04 07:29:46.291828 - Found CPSCB$.jcl (text/plain) in CBT.V508.FILE300.PDS, moved to PDS/CPSCB$
2025-04-04 07:29:46.291934 - Found CPSCB#.txt (text/plain) in CBT.V508.FILE300.PDS, moved to PDS/CPSCB#
2025-04-04 07:29:46.292053 - Found CVD.txt (text/plain) in CBT.V508.FILE300.PDS, moved to PDS/CVD
2025-04-04 07:29:46.292164 - Found CVD$.jcl (text/plain) in CBT.V508.FILE300.PDS, moved to PDS/CVD$
2025-04-04 07:29:46.292273 - Found CVD#.txt (text/plain) in CBT.V508.FILE300.PDS, moved to PDS/CVD#
2025-04-04 07:29:46.292409 - Found CVX.txt (text/plain) in CBT.V508.FILE300.PDS, moved to PDS/CVX
2025-04-04 07:29:46.292520 - Found CVX$.jcl (text/plain) in CBT.V508.FILE300.PDS, moved to PDS/CVX$
2025-04-04 07:29:46.292630 - Found CVX#.txt (text/plain) in CBT.V508.FILE300.PDS, moved to PDS/CVX#
2025-04-04 07:29:46.292760 - Found DA.txt (text/plain) in CBT.V508.FILE300.PDS, moved to PDS/DA
2025-04-04 07:29:46.292867 - Found DA$.jcl (text/plain) in CBT.V508.FILE300.PDS, moved to PDS/DA$
2025-04-04 07:29:46.292980 - Found DA$ZAP.jcl (text/plain) in CBT.V508.FILE300.PDS, moved to PDS/DA$ZAP
2025-04-04 07:29:46.293092 - Found DA#.txt (text/plain) in CBT.V508.FILE300.PDS, moved to PDS/DA#
2025-04-04 07:29:46.293205 - Found DA@@.txt (text/plain) in CBT.V508.FILE300.PDS, moved to PDS/DA@@
2025-04-04 07:29:46.293325 - Found DAJOB.txt (text/plain) in CBT.V508.FILE300.PDS, moved to PDS/DAJOB
2025-04-04 07:29:46.293444 - Found DAJOB$.jcl (text/plain) in CBT.V508.FILE300.PDS, moved to PDS/DAJOB$
2025-04-04 07:29:46.293551 - Found DAJOB#.txt (text/plain) in CBT.V508.FILE300.PDS, moved to PDS/DAJOB#
2025-04-04 07:29:46.293683 - Found DAJOBO.txt (text/plain) in CBT.V508.FILE300.PDS, moved to PDS/DAJOBO
2025-04-04 07:29:46.293795 - Found DAOLD.txt (text/plain) in CBT.V508.FILE300.PDS, moved to PDS/DAOLD
2025-04-04 07:29:46.293900 - Found DAOLD#.txt (text/plain) in CBT.V508.FILE300.PDS, moved to PDS/DAOLD#
2025-04-04 07:29:46.294007 - Found DAPF.txt (text/plain) in CBT.V508.FILE300.PDS, moved to PDS/DAPF
2025-04-04 07:29:46.294114 - Found DAPF$.jcl (text/plain) in CBT.V508.FILE300.PDS, moved to PDS/DAPF$
2025-04-04 07:29:46.294219 - Found DAPF#.txt (text/plain) in CBT.V508.FILE300.PDS, moved to PDS/DAPF#
2025-04-04 07:29:46.294332 - Found DAPFU.txt (text/plain) in CBT.V508.FILE300.PDS, moved to PDS/DAPFU
2025-04-04 07:29:46.294453 - Found DAPF00.txt (text/plain) in CBT.V508.FILE300.PDS, moved to PDS/DAPF00
2025-04-04 07:29:46.294565 - Found DATE.txt (text/plain) in CBT.V508.FILE300.PDS, moved to PDS/DATE
2025-04-04 07:29:46.294673 - Found DATE$.txt (text/plain) in CBT.V508.FILE300.PDS, moved to PDS/DATE$
2025-04-04 07:29:46.294779 - Found DATE#.txt (text/plain) in CBT.V508.FILE300.PDS, moved to PDS/DATE#
2025-04-04 07:29:46.294904 - Found DDISK.txt (text/plain) in CBT.V508.FILE300.PDS, moved to PDS/DDISK
2025-04-04 07:29:46.295016 - Found DDISK$.jcl (text/plain) in CBT.V508.FILE300.PDS, moved to PDS/DDISK$
2025-04-04 07:29:46.295130 - Found DDISKO.txt (text/plain) in CBT.V508.FILE300.PDS, moved to PDS/DDISKO
2025-04-04 07:29:46.295246 - Found DDISK01.txt (text/plain) in CBT.V508.FILE300.PDS, moved to PDS/DDISK01
2025-04-04 07:29:46.295383 - Found DDX.txt (text/plain) in CBT.V508.FILE300.PDS, moved to PDS/DDX
2025-04-04 07:29:46.295502 - Found DDX$.jcl (text/plain) in CBT.V508.FILE300.PDS, moved to PDS/DDX$
2025-04-04 07:29:46.295609 - Found DDX#.txt (text/plain) in CBT.V508.FILE300.PDS, moved to PDS/DDX#
2025-04-04 07:29:46.295737 - Found DD01.txt (text/plain) in CBT.V508.FILE300.PDS, moved to PDS/DD01
2025-04-04 07:29:46.296039 - Found DECONCA$.txt (text/plain) in CBT.V508.FILE300.PDS, moved to PDS/DECONCA$
2025-04-04 07:29:46.296196 - Found DECONCA#.txt (text/plain) in CBT.V508.FILE300.PDS, moved to PDS/DECONCA#
2025-04-04 07:29:46.296324 - Found DECONCAT.txt (text/plain) in CBT.V508.FILE300.PDS, moved to PDS/DECONCAT
2025-04-04 07:29:46.296453 - Found DELAY.txt (text/plain) in CBT.V508.FILE300.PDS, moved to PDS/DELAY
2025-04-04 07:29:46.296579 - Found DELAY$.txt (text/plain) in CBT.V508.FILE300.PDS, moved to PDS/DELAY$
2025-04-04 07:29:46.296700 - Found DELAY#.txt (text/plain) in CBT.V508.FILE300.PDS, moved to PDS/DELAY#
2025-04-04 07:29:46.296840 - Found DEX.txt (text/plain) in CBT.V508.FILE300.PDS, moved to PDS/DEX
2025-04-04 07:29:46.296958 - Found DEX$.txt (text/plain) in CBT.V508.FILE300.PDS, moved to PDS/DEX$
2025-04-04 07:29:46.297072 - Found DEX#.txt (text/plain) in CBT.V508.FILE300.PDS, moved to PDS/DEX#
2025-04-04 07:29:46.297387 - Found DISPLAY.txt (text/plain) in CBT.V508.FILE300.PDS, moved to PDS/DISPLAY
2025-04-04 07:29:46.297516 - Found DISPLAY$.txt (text/plain) in CBT.V508.FILE300.PDS, moved to PDS/DISPLAY$
2025-04-04 07:29:46.297633 - Found DISPLAY#.txt (text/plain) in CBT.V508.FILE300.PDS, moved to PDS/DISPLAY#
2025-04-04 07:29:46.297745 - Found DLINK.txt (text/plain) in CBT.V508.FILE300.PDS, moved to PDS/DLINK
2025-04-04 07:29:46.297858 - Found DLINK$.jcl (text/plain) in CBT.V508.FILE300.PDS, moved to PDS/DLINK$
2025-04-04 07:29:46.297978 - Found DLINK#.txt (text/plain) in CBT.V508.FILE300.PDS, moved to PDS/DLINK#
2025-04-04 07:29:46.298087 - Found DLINKO.txt (text/plain) in CBT.V508.FILE300.PDS, moved to PDS/DLINKO
2025-04-04 07:29:46.298196 - Found DLPA.txt (text/plain) in CBT.V508.FILE300.PDS, moved to PDS/DLPA
2025-04-04 07:29:46.298310 - Found DLPA$.jcl (text/plain) in CBT.V508.FILE300.PDS, moved to PDS/DLPA$
2025-04-04 07:29:46.298420 - Found DLPA#.txt (text/plain) in CBT.V508.FILE300.PDS, moved to PDS/DLPA#
2025-04-04 07:29:46.298537 - Found DLPAO.txt (text/plain) in CBT.V508.FILE300.PDS, moved to PDS/DLPAO
2025-04-04 07:29:46.298646 - Found DLVLDSS.txt (text/plain) in CBT.V508.FILE300.PDS, moved to PDS/DLVLDSS
2025-04-04 07:29:46.298759 - Found DLVLDSS$.jcl (text/plain) in CBT.V508.FILE300.PDS, moved to PDS/DLVLDSS$
2025-04-04 07:29:46.298879 - Found DLVLDSSO.txt (text/plain) in CBT.V508.FILE300.PDS, moved to PDS/DLVLDSSO
2025-04-04 07:29:46.298987 - Found DLXAUTHC.txt (text/plain) in CBT.V508.FILE300.PDS, moved to PDS/DLXAUTHC
2025-04-04 07:29:46.299098 - Found DOPROG.txt (text/plain) in CBT.V508.FILE300.PDS, moved to PDS/DOPROG
2025-04-04 07:29:46.299208 - Found DOPROG$.txt (text/plain) in CBT.V508.FILE300.PDS, moved to PDS/DOPROG$
2025-04-04 07:29:46.299317 - Found DOPROG#.txt (text/plain) in CBT.V508.FILE300.PDS, moved to PDS/DOPROG#
2025-04-04 07:29:46.299435 - Found DOPROGL.txt (text/plain) in CBT.V508.FILE300.PDS, moved to PDS/DOPROGL
2025-04-04 07:29:46.299556 - Found DOPROGL#.txt (text/plain) in CBT.V508.FILE300.PDS, moved to PDS/DOPROGL#
2025-04-04 07:29:46.299674 - Found DSMF.txt (text/plain) in CBT.V508.FILE300.PDS, moved to PDS/DSMF
2025-04-04 07:29:46.299782 - Found DSMF$.jcl (text/plain) in CBT.V508.FILE300.PDS, moved to PDS/DSMF$
2025-04-04 07:29:46.299892 - Found DSMFOLD.txt (text/plain) in CBT.V508.FILE300.PDS, moved to PDS/DSMFOLD
2025-04-04 07:29:46.300016 - Found DSMF01.txt (text/plain) in CBT.V508.FILE300.PDS, moved to PDS/DSMF01
2025-04-04 07:29:46.300127 - Found DSMF02.txt (text/plain) in CBT.V508.FILE300.PDS, moved to PDS/DSMF02
2025-04-04 07:29:46.300233 - Found DSNCHE$O.txt (text/plain) in CBT.V508.FILE300.PDS, moved to PDS/DSNCHE$O
2025-04-04 07:29:46.300339 - Found DSNCHE##.txt (text/plain) in CBT.V508.FILE300.PDS, moved to PDS/DSNCHE##
2025-04-04 07:29:46.300445 - Found DSNCHEC$.jcl (text/plain) in CBT.V508.FILE300.PDS, moved to PDS/DSNCHEC$
2025-04-04 07:29:46.300553 - Found DSNCHEC#.txt (text/plain) in CBT.V508.FILE300.PDS, moved to PDS/DSNCHEC#
2025-04-04 07:29:46.300664 - Found DSNCHECK.txt (text/plain) in CBT.V508.FILE300.PDS, moved to PDS/DSNCHECK
2025-04-04 07:29:46.300790 - Found DSNCHECO.txt (text/plain) in CBT.V508.FILE300.PDS, moved to PDS/DSNCHECO
2025-04-04 07:29:46.300902 - Found DSPRIN.txt (text/plain) in CBT.V508.FILE300.PDS, moved to PDS/DSPRIN
2025-04-04 07:29:46.301014 - Found DSPRIN$.txt (text/plain) in CBT.V508.FILE300.PDS, moved to PDS/DSPRIN$
2025-04-04 07:29:46.301135 - Found DSPRINT.txt (text/plain) in CBT.V508.FILE300.PDS, moved to PDS/DSPRINT
2025-04-04 07:29:46.301259 - Found DSPRINT#.txt (text/plain) in CBT.V508.FILE300.PDS, moved to PDS/DSPRINT#
2025-04-04 07:29:46.301369 - Found DSVC.txt (text/plain) in CBT.V508.FILE300.PDS, moved to PDS/DSVC
2025-04-04 07:29:46.301477 - Found DSVC$.jcl (text/plain) in CBT.V508.FILE300.PDS, moved to PDS/DSVC$
2025-04-04 07:29:46.301583 - Found DSVC#.txt (text/plain) in CBT.V508.FILE300.PDS, moved to PDS/DSVC#
2025-04-04 07:29:46.301690 - Found DSVCOLD.txt (text/plain) in CBT.V508.FILE300.PDS, moved to PDS/DSVCOLD
2025-04-04 07:29:46.301813 - Found DTOD.jcl (text/plain) in CBT.V508.FILE300.PDS, moved to PDS/DTOD
2025-04-04 07:29:46.301922 - Found DUDASD.txt (text/plain) in CBT.V508.FILE300.PDS, moved to PDS/DUDASD
2025-04-04 07:29:46.302044 - Found DUDASD$.txt (text/plain) in CBT.V508.FILE300.PDS, moved to PDS/DUDASD$
2025-04-04 07:29:46.302149 - Found DUDASD#.txt (text/plain) in CBT.V508.FILE300.PDS, moved to PDS/DUDASD#
2025-04-04 07:29:46.302257 - Found DUDASDR.txt (text/plain) in CBT.V508.FILE300.PDS, moved to PDS/DUDASDR
2025-04-04 07:29:46.302370 - Found DUDASDR$.txt (text/plain) in CBT.V508.FILE300.PDS, moved to PDS/DUDASDR$
2025-04-04 07:29:46.302474 - Found DUDASDR#.txt (text/plain) in CBT.V508.FILE300.PDS, moved to PDS/DUDASDR#
2025-04-04 07:29:46.302581 - Found DUSER.txt (text/plain) in CBT.V508.FILE300.PDS, moved to PDS/DUSER
2025-04-04 07:29:46.302696 - Found DUSER$.jcl (text/plain) in CBT.V508.FILE300.PDS, moved to PDS/DUSER$
2025-04-04 07:29:46.302808 - Found DUSER#.txt (text/plain) in CBT.V508.FILE300.PDS, moved to PDS/DUSER#
2025-04-04 07:29:46.302921 - Found DUSER00.txt (text/plain) in CBT.V508.FILE300.PDS, moved to PDS/DUSER00
2025-04-04 07:29:46.303053 - Found DUSER01.txt (text/plain) in CBT.V508.FILE300.PDS, moved to PDS/DUSER01
2025-04-04 07:29:46.303163 - Found DUTAPE.txt (text/plain) in CBT.V508.FILE300.PDS, moved to PDS/DUTAPE
2025-04-04 07:29:46.303278 - Found DUTAPE$.txt (text/plain) in CBT.V508.FILE300.PDS, moved to PDS/DUTAPE$
2025-04-04 07:29:46.303383 - Found DUTAPE#.txt (text/plain) in CBT.V508.FILE300.PDS, moved to PDS/DUTAPE#
2025-04-04 07:29:46.303491 - Found DYNALC.txt (text/plain) in CBT.V508.FILE300.PDS, moved to PDS/DYNALC
2025-04-04 07:29:46.303601 - Found ECHOHEX.txt (text/plain) in CBT.V508.FILE300.PDS, moved to PDS/ECHOHEX
2025-04-04 07:29:46.303720 - Found ECHOHEX$.txt (text/plain) in CBT.V508.FILE300.PDS, moved to PDS/ECHOHEX$
2025-04-04 07:29:46.303829 - Found ECHOHEX#.txt (text/plain) in CBT.V508.FILE300.PDS, moved to PDS/ECHOHEX#
2025-04-04 07:29:46.303936 - Found EDAIR30.txt (text/plain) in CBT.V508.FILE300.PDS, moved to PDS/EDAIR30
2025-04-04 07:29:46.304083 - Found EKKO.txt (text/plain) in CBT.V508.FILE300.PDS, moved to PDS/EKKO
2025-04-04 07:29:46.304190 - Found EKKO$.jcl (text/plain) in CBT.V508.FILE300.PDS, moved to PDS/EKKO$
2025-04-04 07:29:46.304304 - Found EMPTY.txt (text/plain) in CBT.V508.FILE300.PDS, moved to PDS/EMPTY
2025-04-04 07:29:46.304411 - Found EMPTY$.txt (text/plain) in CBT.V508.FILE300.PDS, moved to PDS/EMPTY$
2025-04-04 07:29:46.304532 - Found EMPTY#.txt (text/plain) in CBT.V508.FILE300.PDS, moved to PDS/EMPTY#
2025-04-04 07:29:46.304642 - Found ERROR#.txt (text/plain) in CBT.V508.FILE300.PDS, moved to PDS/ERROR#
2025-04-04 07:29:46.304748 - Found FINDFIL$.jcl (text/plain) in CBT.V508.FILE300.PDS, moved to PDS/FINDFIL$
2025-04-04 07:29:46.304857 - Found FINDFIL#.txt (text/plain) in CBT.V508.FILE300.PDS, moved to PDS/FINDFIL#
2025-04-04 07:29:46.304966 - Found FINDFILE.txt (text/plain) in CBT.V508.FILE300.PDS, moved to PDS/FINDFILE
2025-04-04 07:29:46.305073 - Found FINDFI01.txt (text/plain) in CBT.V508.FILE300.PDS, moved to PDS/FINDFI01
2025-04-04 07:29:46.305209 - Found FORTP.txt (text/plain) in CBT.V508.FILE300.PDS, moved to PDS/FORTP
2025-04-04 07:29:46.305317 - Found FORTP$.txt (text/plain) in CBT.V508.FILE300.PDS, moved to PDS/FORTP$
2025-04-04 07:29:46.305426 - Found FORTP#.txt (text/plain) in CBT.V508.FILE300.PDS, moved to PDS/FORTP#
2025-04-04 07:29:46.305559 - Found FORTX.txt (text/plain) in CBT.V508.FILE300.PDS, moved to PDS/FORTX
2025-04-04 07:29:46.305680 - Found FORTX$.txt (text/plain) in CBT.V508.FILE300.PDS, moved to PDS/FORTX$
2025-04-04 07:29:46.305790 - Found FORTX#.txt (text/plain) in CBT.V508.FILE300.PDS, moved to PDS/FORTX#
2025-04-04 07:29:46.305912 - Found FORTXLD2.txt (text/plain) in CBT.V508.FILE300.PDS, moved to PDS/FORTXLD2
2025-04-04 07:29:46.306020 - Found FREEALL.txt (text/plain) in CBT.V508.FILE300.PDS, moved to PDS/FREEALL
2025-04-04 07:29:46.306133 - Found FREEALL$.txt (text/plain) in CBT.V508.FILE300.PDS, moved to PDS/FREEALL$
2025-04-04 07:29:46.306258 - Found FREEALL#.txt (text/plain) in CBT.V508.FILE300.PDS, moved to PDS/FREEALL#
2025-04-04 07:29:46.306381 - Found GDDM.txt (text/plain) in CBT.V508.FILE300.PDS, moved to PDS/GDDM
2025-04-04 07:29:46.306497 - Found GFREEA##.txt (text/plain) in CBT.V508.FILE300.PDS, moved to PDS/GFREEA##
2025-04-04 07:29:46.306665 - Found GFREEAL$.txt (text/plain) in CBT.V508.FILE300.PDS, moved to PDS/GFREEAL$
2025-04-04 07:29:46.306817 - Found GFREEAL#.txt (text/plain) in CBT.V508.FILE300.PDS, moved to PDS/GFREEAL#
2025-04-04 07:29:46.306991 - Found GFREEALL.txt (text/plain) in CBT.V508.FILE300.PDS, moved to PDS/GFREEALL
2025-04-04 07:29:46.307135 - Found GSTREA##.txt (text/plain) in CBT.V508.FILE300.PDS, moved to PDS/GSTREA##
2025-04-04 07:29:46.307285 - Found GSTREAM.txt (text/plain) in CBT.V508.FILE300.PDS, moved to PDS/GSTREAM
2025-04-04 07:29:46.307430 - Found GSTREAM$.txt (text/plain) in CBT.V508.FILE300.PDS, moved to PDS/GSTREAM$
2025-04-04 07:29:46.307574 - Found GSTREAM#.txt (text/plain) in CBT.V508.FILE300.PDS, moved to PDS/GSTREAM#
2025-04-04 07:29:46.307741 - Found GTEMACS.txt (text/plain) in CBT.V508.FILE300.PDS, moved to PDS/GTEMACS
2025-04-04 07:29:46.307938 - Found GTEMACSO.txt (text/plain) in CBT.V508.FILE300.PDS, moved to PDS/GTEMACSO
2025-04-04 07:29:46.308086 - Found HLASM.txt (text/plain) in CBT.V508.FILE300.PDS, moved to PDS/HLASM
2025-04-04 07:29:46.308398 - Found HLASM$.txt (text/plain) in CBT.V508.FILE300.PDS, moved to PDS/HLASM$
2025-04-04 07:29:46.308569 - Found HLASM#.txt (text/plain) in CBT.V508.FILE300.PDS, moved to PDS/HLASM#
2025-04-04 07:29:46.308709 - Found IKJCT44$.txt (text/plain) in CBT.V508.FILE300.PDS, moved to PDS/IKJCT44$
2025-04-04 07:29:46.308855 - Found IKJCT44B.txt (text/plain) in CBT.V508.FILE300.PDS, moved to PDS/IKJCT44B
2025-04-04 07:29:46.309010 - Found IKJEBMA9.txt (text/plain) in CBT.V508.FILE300.PDS, moved to PDS/IKJEBMA9
2025-04-04 07:29:46.309164 - Found IKJEFF10.txt (text/plain) in CBT.V508.FILE300.PDS, moved to PDS/IKJEFF10
2025-04-04 07:29:46.309320 - Found IKJEFF53.txt (text/plain) in CBT.V508.FILE300.PDS, moved to PDS/IKJEFF53
2025-04-04 07:29:46.309489 - Found IKJEFTE2.txt (text/plain) in CBT.V508.FILE300.PDS, moved to PDS/IKJEFTE2
2025-04-04 07:29:46.309630 - Found IKJEFTE8.txt (text/plain) in CBT.V508.FILE300.PDS, moved to PDS/IKJEFTE8
2025-04-04 07:29:46.309768 - Found IKJE9CL.txt (text/plain) in CBT.V508.FILE300.PDS, moved to PDS/IKJE9CL
2025-04-04 07:29:46.309906 - Found IKJE9CL$.txt (text/plain) in CBT.V508.FILE300.PDS, moved to PDS/IKJE9CL$
2025-04-04 07:29:46.310034 - Found IKJE9CL#.txt (text/plain) in CBT.V508.FILE300.PDS, moved to PDS/IKJE9CL#
2025-04-04 07:29:46.310171 - Found IKJE9CT.txt (text/plain) in CBT.V508.FILE300.PDS, moved to PDS/IKJE9CT
2025-04-04 07:29:46.310305 - Found IKJE9CT$.txt (text/plain) in CBT.V508.FILE300.PDS, moved to PDS/IKJE9CT$
2025-04-04 07:29:46.310446 - Found IKJE9CT#.txt (text/plain) in CBT.V508.FILE300.PDS, moved to PDS/IKJE9CT#
2025-04-04 07:29:46.310667 - Found IKJE9CX.txt (text/plain) in CBT.V508.FILE300.PDS, moved to PDS/IKJE9CX
2025-04-04 07:29:46.310800 - Found IKJE9CX$.txt (text/plain) in CBT.V508.FILE300.PDS, moved to PDS/IKJE9CX$
2025-04-04 07:29:46.310942 - Found IKJE9CX#.txt (text/plain) in CBT.V508.FILE300.PDS, moved to PDS/IKJE9CX#
2025-04-04 07:29:46.311077 - Found IKJE9DU.txt (text/plain) in CBT.V508.FILE300.PDS, moved to PDS/IKJE9DU
2025-04-04 07:29:46.311182 - Found IKJE9DU$.txt (text/plain) in CBT.V508.FILE300.PDS, moved to PDS/IKJE9DU$
2025-04-04 07:29:46.311290 - Found IKJE9DU#.txt (text/plain) in CBT.V508.FILE300.PDS, moved to PDS/IKJE9DU#
2025-04-04 07:29:46.311418 - Found IKJE9FX.txt (text/plain) in CBT.V508.FILE300.PDS, moved to PDS/IKJE9FX
2025-04-04 07:29:46.311531 - Found IKJE9FX$.txt (text/plain) in CBT.V508.FILE300.PDS, moved to PDS/IKJE9FX$
2025-04-04 07:29:46.311641 - Found IKJE9FX#.txt (text/plain) in CBT.V508.FILE300.PDS, moved to PDS/IKJE9FX#
2025-04-04 07:29:46.311768 - Found IKJE9LT.txt (text/plain) in CBT.V508.FILE300.PDS, moved to PDS/IKJE9LT
2025-04-04 07:29:46.311889 - Found IKJE9LT$.txt (text/plain) in CBT.V508.FILE300.PDS, moved to PDS/IKJE9LT$
2025-04-04 07:29:46.311994 - Found IKJE9LT#.txt (text/plain) in CBT.V508.FILE300.PDS, moved to PDS/IKJE9LT#
2025-04-04 07:29:46.312108 - Found IKJE9LX.txt (text/plain) in CBT.V508.FILE300.PDS, moved to PDS/IKJE9LX
2025-04-04 07:29:46.312213 - Found IKJE9LX$.txt (text/plain) in CBT.V508.FILE300.PDS, moved to PDS/IKJE9LX$
2025-04-04 07:29:46.312323 - Found IKJE9LX#.txt (text/plain) in CBT.V508.FILE300.PDS, moved to PDS/IKJE9LX#
2025-04-04 07:29:46.312431 - Found IKJE9NA.txt (text/plain) in CBT.V508.FILE300.PDS, moved to PDS/IKJE9NA
2025-04-04 07:29:46.312547 - Found IKJE9NA$.txt (text/plain) in CBT.V508.FILE300.PDS, moved to PDS/IKJE9NA$
2025-04-04 07:29:46.312665 - Found IKJE9NA#.txt (text/plain) in CBT.V508.FILE300.PDS, moved to PDS/IKJE9NA#
2025-04-04 07:29:46.312801 - Found IKJE9OF.txt (text/plain) in CBT.V508.FILE300.PDS, moved to PDS/IKJE9OF
2025-04-04 07:29:46.312913 - Found IKJE9OF$.txt (text/plain) in CBT.V508.FILE300.PDS, moved to PDS/IKJE9OF$
2025-04-04 07:29:46.313023 - Found IKJE9OF#.txt (text/plain) in CBT.V508.FILE300.PDS, moved to PDS/IKJE9OF#
2025-04-04 07:29:46.313142 - Found IKJE9PT.txt (text/plain) in CBT.V508.FILE300.PDS, moved to PDS/IKJE9PT
2025-04-04 07:29:46.313254 - Found IKJE9PT$.txt (text/plain) in CBT.V508.FILE300.PDS, moved to PDS/IKJE9PT$
2025-04-04 07:29:46.313363 - Found IKJE9PT#.txt (text/plain) in CBT.V508.FILE300.PDS, moved to PDS/IKJE9PT#
2025-04-04 07:29:46.313485 - Found IKJE9SE.txt (text/plain) in CBT.V508.FILE300.PDS, moved to PDS/IKJE9SE
2025-04-04 07:29:46.313598 - Found IKJE9SE$.txt (text/plain) in CBT.V508.FILE300.PDS, moved to PDS/IKJE9SE$
2025-04-04 07:29:46.313713 - Found IKJE9SE#.txt (text/plain) in CBT.V508.FILE300.PDS, moved to PDS/IKJE9SE#
2025-04-04 07:29:46.313840 - Found IKJE9SP.txt (text/plain) in CBT.V508.FILE300.PDS, moved to PDS/IKJE9SP
2025-04-04 07:29:46.313963 - Found IKJE9SP$.txt (text/plain) in CBT.V508.FILE300.PDS, moved to PDS/IKJE9SP$
2025-04-04 07:29:46.314072 - Found IKJE9SP#.txt (text/plain) in CBT.V508.FILE300.PDS, moved to PDS/IKJE9SP#
2025-04-04 07:29:46.314232 - Found IKJE9SS.txt (text/plain) in CBT.V508.FILE300.PDS, moved to PDS/IKJE9SS
2025-04-04 07:29:46.314346 - Found IKJE9SS$.txt (text/plain) in CBT.V508.FILE300.PDS, moved to PDS/IKJE9SS$
2025-04-04 07:29:46.314461 - Found IKJE9SS#.txt (text/plain) in CBT.V508.FILE300.PDS, moved to PDS/IKJE9SS#
2025-04-04 07:29:46.314567 - Found IKJT9$.txt (text/plain) in CBT.V508.FILE300.PDS, moved to PDS/IKJT9$
2025-04-04 07:29:46.314688 - Found IKJT9FI.txt (text/plain) in CBT.V508.FILE300.PDS, moved to PDS/IKJT9FI
2025-04-04 07:29:46.314812 - Found IKJT9FI$.txt (text/plain) in CBT.V508.FILE300.PDS, moved to PDS/IKJT9FI$
2025-04-04 07:29:46.314929 - Found IKJT9FIZ.txt (text/plain) in CBT.V508.FILE300.PDS, moved to PDS/IKJT9FIZ
2025-04-04 07:29:46.315042 - Found IKJT9LB.txt (text/plain) in CBT.V508.FILE300.PDS, moved to PDS/IKJT9LB
2025-04-04 07:29:46.315158 - Found IKJT9LB$.txt (text/plain) in CBT.V508.FILE300.PDS, moved to PDS/IKJT9LB$
2025-04-04 07:29:46.315271 - Found IKJT9LBZ.txt (text/plain) in CBT.V508.FILE300.PDS, moved to PDS/IKJT9LBZ
2025-04-04 07:29:46.315399 - Found IKJT9LGZ.txt (text/plain) in CBT.V508.FILE300.PDS, moved to PDS/IKJT9LGZ
2025-04-04 07:29:46.315524 - Found IKJT9LI.txt (text/plain) in CBT.V508.FILE300.PDS, moved to PDS/IKJT9LI
2025-04-04 07:29:46.315650 - Found IKJT9LI$.txt (text/plain) in CBT.V508.FILE300.PDS, moved to PDS/IKJT9LI$
2025-04-04 07:29:46.315775 - Found IKJT9MAC.txt (text/plain) in CBT.V508.FILE300.PDS, moved to PDS/IKJT9MAC
2025-04-04 07:29:46.315906 - Found IKJT9Z$$.jcl (text/plain) in CBT.V508.FILE300.PDS, moved to PDS/IKJT9Z$$
2025-04-04 07:29:46.316043 - Found ILRBIRD.txt (text/plain) in CBT.V508.FILE300.PDS, moved to PDS/ILRBIRD
2025-04-04 07:29:46.316153 - Found ILRBIRD$.txt (text/plain) in CBT.V508.FILE300.PDS, moved to PDS/ILRBIRD$
2025-04-04 07:29:46.316279 - Found INFOSYS.txt (text/plain) in CBT.V508.FILE300.PDS, moved to PDS/INFOSYS
2025-04-04 07:29:46.316402 - Found INFOSYS$.txt (text/plain) in CBT.V508.FILE300.PDS, moved to PDS/INFOSYS$
2025-04-04 07:29:46.316526 - Found INFOSYS#.txt (text/plain) in CBT.V508.FILE300.PDS, moved to PDS/INFOSYS#
2025-04-04 07:29:46.316637 - Found INMXPAR$.txt (text/plain) in CBT.V508.FILE300.PDS, moved to PDS/INMXPAR$
2025-04-04 07:29:46.316757 - Found INMXPARM.txt (text/plain) in CBT.V508.FILE300.PDS, moved to PDS/INMXPARM
2025-04-04 07:29:46.316884 - Found INMXZ02.txt (text/plain) in CBT.V508.FILE300.PDS, moved to PDS/INMXZ02
2025-04-04 07:29:46.317007 - Found INMXZ02$.txt (text/plain) in CBT.V508.FILE300.PDS, moved to PDS/INMXZ02$
2025-04-04 07:29:46.317152 - Found INSTREA$.txt (text/plain) in CBT.V508.FILE300.PDS, moved to PDS/INSTREA$
2025-04-04 07:29:46.317259 - Found INSTREA#.txt (text/plain) in CBT.V508.FILE300.PDS, moved to PDS/INSTREA#
2025-04-04 07:29:46.317377 - Found INSTREAM.txt (text/plain) in CBT.V508.FILE300.PDS, moved to PDS/INSTREAM
2025-04-04 07:29:46.317487 - Found IO.txt (text/plain) in CBT.V508.FILE300.PDS, moved to PDS/IO
2025-04-04 07:29:46.317595 - Found IO$.jcl (text/plain) in CBT.V508.FILE300.PDS, moved to PDS/IO$
2025-04-04 07:29:46.317700 - Found IO#.txt (text/plain) in CBT.V508.FILE300.PDS, moved to PDS/IO#
2025-04-04 07:29:46.317807 - Found IO@.txt (text/plain) in CBT.V508.FILE300.PDS, moved to PDS/IO@
2025-04-04 07:29:46.317918 - Found IOOLD.txt (text/plain) in CBT.V508.FILE300.PDS, moved to PDS/IOOLD
2025-04-04 07:29:46.318037 - Found IO01.txt (text/plain) in CBT.V508.FILE300.PDS, moved to PDS/IO01
2025-04-04 07:29:46.318150 - Found IO02.txt (text/plain) in CBT.V508.FILE300.PDS, moved to PDS/IO02
2025-04-04 07:29:46.318275 - Found IO03.txt (text/plain) in CBT.V508.FILE300.PDS, moved to PDS/IO03
2025-04-04 07:29:46.318403 - Found JCLSCAN.txt (text/plain) in CBT.V508.FILE300.PDS, moved to PDS/JCLSCAN
2025-04-04 07:29:46.318511 - Found JCLSCAN$.txt (text/plain) in CBT.V508.FILE300.PDS, moved to PDS/JCLSCAN$
2025-04-04 07:29:46.318621 - Found JCLSCAN#.txt (text/plain) in CBT.V508.FILE300.PDS, moved to PDS/JCLSCAN#
2025-04-04 07:29:46.318737 - Found JCLSC23F.txt (text/plain) in CBT.V508.FILE300.PDS, moved to PDS/JCLSC23F
2025-04-04 07:29:46.318848 - Found JULIAN.txt (text/plain) in CBT.V508.FILE300.PDS, moved to PDS/JULIAN
2025-04-04 07:29:46.318955 - Found JULIAN$.txt (text/plain) in CBT.V508.FILE300.PDS, moved to PDS/JULIAN$
2025-04-04 07:29:46.319082 - Found JULIAN#.txt (text/plain) in CBT.V508.FILE300.PDS, moved to PDS/JULIAN#
2025-04-04 07:29:46.319196 - Found JULIAN@.txt (text/plain) in CBT.V508.FILE300.PDS, moved to PDS/JULIAN@
2025-04-04 07:29:46.319333 - Found JULIANG.txt (text/plain) in CBT.V508.FILE300.PDS, moved to PDS/JULIANG
2025-04-04 07:29:46.319465 - Found JULIANM.txt (text/plain) in CBT.V508.FILE300.PDS, moved to PDS/JULIANM
2025-04-04 07:29:46.319594 - Found JULIANM$.txt (text/plain) in CBT.V508.FILE300.PDS, moved to PDS/JULIANM$
2025-04-04 07:29:46.319698 - Found JULIANM#.txt (text/plain) in CBT.V508.FILE300.PDS, moved to PDS/JULIANM#
2025-04-04 07:29:46.319828 - Found JULIANO.txt (text/plain) in CBT.V508.FILE300.PDS, moved to PDS/JULIANO
2025-04-04 07:29:46.319939 - Found JULIANO$.txt (text/plain) in CBT.V508.FILE300.PDS, moved to PDS/JULIANO$
2025-04-04 07:29:46.320057 - Found JULIANO#.txt (text/plain) in CBT.V508.FILE300.PDS, moved to PDS/JULIANO#
2025-04-04 07:29:46.320187 - Found KOMM.txt (text/plain) in CBT.V508.FILE300.PDS, moved to PDS/KOMM
2025-04-04 07:29:46.320303 - Found KOMM#.txt (text/plain) in CBT.V508.FILE300.PDS, moved to PDS/KOMM#
2025-04-04 07:29:46.320410 - Found LASTCC#.txt (text/plain) in CBT.V508.FILE300.PDS, moved to PDS/LASTCC#
2025-04-04 07:29:46.320533 - Found LASTIPL.txt (text/plain) in CBT.V508.FILE300.PDS, moved to PDS/LASTIPL
2025-04-04 07:29:46.320641 - Found LASTIPL$.txt (text/plain) in CBT.V508.FILE300.PDS, moved to PDS/LASTIPL$
2025-04-04 07:29:46.320755 - Found LASTIPL#.txt (text/plain) in CBT.V508.FILE300.PDS, moved to PDS/LASTIPL#
2025-04-04 07:29:46.320861 - Found LIBCAL##.txt (text/plain) in CBT.V508.FILE300.PDS, moved to PDS/LIBCAL##
2025-04-04 07:29:46.320973 - Found LIBCALL.txt (text/plain) in CBT.V508.FILE300.PDS, moved to PDS/LIBCALL
2025-04-04 07:29:46.321081 - Found LIBCALL$.txt (text/plain) in CBT.V508.FILE300.PDS, moved to PDS/LIBCALL$
2025-04-04 07:29:46.321196 - Found LIBCALL#.txt (text/plain) in CBT.V508.FILE300.PDS, moved to PDS/LIBCALL#
2025-04-04 07:29:46.321304 - Found LISTAX.txt (text/plain) in CBT.V508.FILE300.PDS, moved to PDS/LISTAX
2025-04-04 07:29:46.321426 - Found LISTAX$.jcl (text/plain) in CBT.V508.FILE300.PDS, moved to PDS/LISTAX$
2025-04-04 07:29:46.321550 - Found LISTAX#.txt (text/plain) in CBT.V508.FILE300.PDS, moved to PDS/LISTAX#
2025-04-04 07:29:46.321660 - Found LISTAXO.txt (text/plain) in CBT.V508.FILE300.PDS, moved to PDS/LISTAXO
2025-04-04 07:29:46.321778 - Found LISTCDS.txt (text/plain) in CBT.V508.FILE300.PDS, moved to PDS/LISTCDS
2025-04-04 07:29:46.321887 - Found LISTCDS$.txt (text/plain) in CBT.V508.FILE300.PDS, moved to PDS/LISTCDS$
2025-04-04 07:29:46.322008 - Found LISTCDS#.txt (text/plain) in CBT.V508.FILE300.PDS, moved to PDS/LISTCDS#
2025-04-04 07:29:46.322119 - Found LISTLPA.txt (text/plain) in CBT.V508.FILE300.PDS, moved to PDS/LISTLPA
2025-04-04 07:29:46.322223 - Found LISTLPA$.jcl (text/plain) in CBT.V508.FILE300.PDS, moved to PDS/LISTLPA$
2025-04-04 07:29:46.322335 - Found LISTLPA#.txt (text/plain) in CBT.V508.FILE300.PDS, moved to PDS/LISTLPA#
2025-04-04 07:29:46.322459 - Found LISTLPAO.txt (text/plain) in CBT.V508.FILE300.PDS, moved to PDS/LISTLPAO
2025-04-04 07:29:46.322572 - Found LISTLPA1.txt (text/plain) in CBT.V508.FILE300.PDS, moved to PDS/LISTLPA1
2025-04-04 07:29:46.322687 - Found LISTMOD.txt (text/plain) in CBT.V508.FILE300.PDS, moved to PDS/LISTMOD
2025-04-04 07:29:46.322792 - Found LISTMOD$.jcl (text/plain) in CBT.V508.FILE300.PDS, moved to PDS/LISTMOD$
2025-04-04 07:29:46.322917 - Found LISTMOD#.txt (text/plain) in CBT.V508.FILE300.PDS, moved to PDS/LISTMOD#
2025-04-04 07:29:46.323037 - Found LISTMODJ.jcl (text/plain) in CBT.V508.FILE300.PDS, moved to PDS/LISTMODJ
2025-04-04 07:29:46.323152 - Found LISTSPC.txt (text/plain) in CBT.V508.FILE300.PDS, moved to PDS/LISTSPC
2025-04-04 07:29:46.323262 - Found LISTSPC$.txt (text/plain) in CBT.V508.FILE300.PDS, moved to PDS/LISTSPC$
2025-04-04 07:29:46.323381 - Found LISTSPC#.txt (text/plain) in CBT.V508.FILE300.PDS, moved to PDS/LISTSPC#
2025-04-04 07:29:46.323510 - Found LISTSU.txt (text/plain) in CBT.V508.FILE300.PDS, moved to PDS/LISTSU
2025-04-04 07:29:46.323632 - Found LISTSU$.txt (text/plain) in CBT.V508.FILE300.PDS, moved to PDS/LISTSU$
2025-04-04 07:29:46.323759 - Found LISTSU#.txt (text/plain) in CBT.V508.FILE300.PDS, moved to PDS/LISTSU#
2025-04-04 07:29:46.323877 - Found LISTVTO$.txt (text/plain) in CBT.V508.FILE300.PDS, moved to PDS/LISTVTO$
2025-04-04 07:29:46.324013 - Found LISTVTO#.txt (text/plain) in CBT.V508.FILE300.PDS, moved to PDS/LISTVTO#
2025-04-04 07:29:46.324144 - Found LISTVTOC.txt (text/plain) in CBT.V508.FILE300.PDS, moved to PDS/LISTVTOC
2025-04-04 07:29:46.324274 - Found LISTVTOO.txt (text/plain) in CBT.V508.FILE300.PDS, moved to PDS/LISTVTOO
2025-04-04 07:29:46.324404 - Found LM.txt (text/plain) in CBT.V508.FILE300.PDS, moved to PDS/LM
2025-04-04 07:29:46.324515 - Found LM$.jcl (text/plain) in CBT.V508.FILE300.PDS, moved to PDS/LM$
2025-04-04 07:29:46.324645 - Found LM#.txt (text/plain) in CBT.V508.FILE300.PDS, moved to PDS/LM#
2025-04-04 07:29:46.324808 - Found LOGOBSC.txt (text/plain) in CBT.V508.FILE300.PDS, moved to PDS/LOGOBSC
2025-04-04 07:29:46.324937 - Found LOGOSNA.txt (text/plain) in CBT.V508.FILE300.PDS, moved to PDS/LOGOSNA
2025-04-04 07:29:46.325095 - Found LOGTIME.txt (text/plain) in CBT.V508.FILE300.PDS, moved to PDS/LOGTIME
2025-04-04 07:29:46.325214 - Found LOGTIME$.jcl (text/plain) in CBT.V508.FILE300.PDS, moved to PDS/LOGTIME$
2025-04-04 07:29:46.325349 - Found LPSCB.txt (text/plain) in CBT.V508.FILE300.PDS, moved to PDS/LPSCB
2025-04-04 07:29:46.325482 - Found LPSCB$.jcl (text/plain) in CBT.V508.FILE300.PDS, moved to PDS/LPSCB$
2025-04-04 07:29:46.325614 - Found LPSCB#.txt (text/plain) in CBT.V508.FILE300.PDS, moved to PDS/LPSCB#
2025-04-04 07:29:46.325750 - Found LPSCB01.txt (text/plain) in CBT.V508.FILE300.PDS, moved to PDS/LPSCB01
2025-04-04 07:29:46.325878 - Found LPSCB02.txt (text/plain) in CBT.V508.FILE300.PDS, moved to PDS/LPSCB02
2025-04-04 07:29:46.326008 - Found LPSCB03.txt (text/plain) in CBT.V508.FILE300.PDS, moved to PDS/LPSCB03
2025-04-04 07:29:46.326151 - Found MACROS.txt (text/plain) in CBT.V508.FILE300.PDS, moved to PDS/MACROS
2025-04-04 07:29:46.326274 - Found MEMBER.txt (text/plain) in CBT.V508.FILE300.PDS, moved to PDS/MEMBER
2025-04-04 07:29:46.326399 - Found MEMBER$.jcl (text/plain) in CBT.V508.FILE300.PDS, moved to PDS/MEMBER$
2025-04-04 07:29:46.326526 - Found MEMBER#.txt (text/plain) in CBT.V508.FILE300.PDS, moved to PDS/MEMBER#
2025-04-04 07:29:46.326669 - Found MEMBER00.txt (text/plain) in CBT.V508.FILE300.PDS, moved to PDS/MEMBER00
2025-04-04 07:29:46.326836 - Found MURPHY.txt (text/plain) in CBT.V508.FILE300.PDS, moved to PDS/MURPHY
2025-04-04 07:29:46.326952 - Found MURPHY$.txt (text/plain) in CBT.V508.FILE300.PDS, moved to PDS/MURPHY$
2025-04-04 07:29:46.327077 - Found MURPHY#.txt (text/plain) in CBT.V508.FILE300.PDS, moved to PDS/MURPHY#
2025-04-04 07:29:46.327224 - Found MURPHYA.txt (text/plain) in CBT.V508.FILE300.PDS, moved to PDS/MURPHYA
2025-04-04 07:29:46.327371 - Found MURPHYO.txt (text/plain) in CBT.V508.FILE300.PDS, moved to PDS/MURPHYO
2025-04-04 07:29:46.327488 - Found NEWSPA##.txt (text/plain) in CBT.V508.FILE300.PDS, moved to PDS/NEWSPA##
2025-04-04 07:29:46.327614 - Found NEWSPAC$.txt (text/plain) in CBT.V508.FILE300.PDS, moved to PDS/NEWSPAC$
2025-04-04 07:29:46.327752 - Found NEWSPAC#.txt (text/plain) in CBT.V508.FILE300.PDS, moved to PDS/NEWSPAC#
2025-04-04 07:29:46.327871 - Found NEWSPACE.txt (text/plain) in CBT.V508.FILE300.PDS, moved to PDS/NEWSPACE
2025-04-04 07:29:46.328005 - Found NUMBARS.txt (text/plain) in CBT.V508.FILE300.PDS, moved to PDS/NUMBARS
2025-04-04 07:29:46.328124 - Found NUMBARS$.txt (text/plain) in CBT.V508.FILE300.PDS, moved to PDS/NUMBARS$
2025-04-04 07:29:46.328238 - Found NUMBARS#.txt (text/plain) in CBT.V508.FILE300.PDS, moved to PDS/NUMBARS#
2025-04-04 07:29:46.328360 - Found OPERA.txt (text/plain) in CBT.V508.FILE300.PDS, moved to PDS/OPERA
2025-04-04 07:29:46.328482 - Found OPERA$.jcl (text/plain) in CBT.V508.FILE300.PDS, moved to PDS/OPERA$
2025-04-04 07:29:46.328588 - Found OPERA#.txt (text/plain) in CBT.V508.FILE300.PDS, moved to PDS/OPERA#
2025-04-04 07:29:46.328750 - Found OPERA00.txt (text/plain) in CBT.V508.FILE300.PDS, moved to PDS/OPERA00
2025-04-04 07:29:46.328892 - Found OUTPRIN$.jcl (text/plain) in CBT.V508.FILE300.PDS, moved to PDS/OUTPRIN$
2025-04-04 07:29:46.329006 - Found OUTPRIN#.txt (text/plain) in CBT.V508.FILE300.PDS, moved to PDS/OUTPRIN#
2025-04-04 07:29:46.329163 - Found OUTPRINT.txt (text/plain) in CBT.V508.FILE300.PDS, moved to PDS/OUTPRINT
2025-04-04 07:29:46.329281 - Found PDF.txt (text/plain) in CBT.V508.FILE300.PDS, moved to PDS/PDF
2025-04-04 07:29:46.329406 - Found PDF$.txt (text/plain) in CBT.V508.FILE300.PDS, moved to PDS/PDF$
2025-04-04 07:29:46.329511 - Found PDF#.txt (text/plain) in CBT.V508.FILE300.PDS, moved to PDS/PDF#
2025-04-04 07:29:46.329625 - Found PDF##.txt (text/plain) in CBT.V508.FILE300.PDS, moved to PDS/PDF##
2025-04-04 07:29:46.329760 - Found PLIF.txt (text/plain) in CBT.V508.FILE300.PDS, moved to PDS/PLIF
2025-04-04 07:29:46.329868 - Found PLIF#.txt (text/plain) in CBT.V508.FILE300.PDS, moved to PDS/PLIF#
2025-04-04 07:29:46.329995 - Found POF.txt (text/plain) in CBT.V508.FILE300.PDS, moved to PDS/POF
2025-04-04 07:29:46.330118 - Found POF$.txt (text/plain) in CBT.V508.FILE300.PDS, moved to PDS/POF$
2025-04-04 07:29:46.330249 - Found PPXIT.txt (text/plain) in CBT.V508.FILE300.PDS, moved to PDS/PPXIT
2025-04-04 07:29:46.330367 - Found PRINTOF$.txt (text/plain) in CBT.V508.FILE300.PDS, moved to PDS/PRINTOF$
2025-04-04 07:29:46.330618 - Found PRINTOF#.txt (text/plain) in CBT.V508.FILE300.PDS, moved to PDS/PRINTOF#
2025-04-04 07:29:46.330748 - Found PRINTOFF.txt (text/plain) in CBT.V508.FILE300.PDS, moved to PDS/PRINTOFF
2025-04-04 07:29:46.330879 - Found PUNCH.txt (text/plain) in CBT.V508.FILE300.PDS, moved to PDS/PUNCH
2025-04-04 07:29:46.330993 - Found PUNCH$.txt (text/plain) in CBT.V508.FILE300.PDS, moved to PDS/PUNCH$
2025-04-04 07:29:46.331123 - Found PUNCH#.txt (text/plain) in CBT.V508.FILE300.PDS, moved to PDS/PUNCH#
2025-04-04 07:29:46.331264 - Found QCB.txt (text/plain) in CBT.V508.FILE300.PDS, moved to PDS/QCB
2025-04-04 07:29:46.331395 - Found QCB$.txt (text/plain) in CBT.V508.FILE300.PDS, moved to PDS/QCB$
2025-04-04 07:29:46.331530 - Found QCB#.txt (text/plain) in CBT.V508.FILE300.PDS, moved to PDS/QCB#
2025-04-04 07:29:46.331660 - Found QLIST.txt (text/plain) in CBT.V508.FILE300.PDS, moved to PDS/QLIST
2025-04-04 07:29:46.331789 - Found QLIST$.txt (text/plain) in CBT.V508.FILE300.PDS, moved to PDS/QLIST$
2025-04-04 07:29:46.331902 - Found QLIST#.txt (text/plain) in CBT.V508.FILE300.PDS, moved to PDS/QLIST#
2025-04-04 07:29:46.332030 - Found RACFALT.txt (text/plain) in CBT.V508.FILE300.PDS, moved to PDS/RACFALT
2025-04-04 07:29:46.332164 - Found RACFCLST.txt (text/plain) in CBT.V508.FILE300.PDS, moved to PDS/RACFCLST
2025-04-04 07:29:46.332314 - Found REVIEW.txt (text/plain) in CBT.V508.FILE300.PDS, moved to PDS/REVIEW
2025-04-04 07:29:46.332455 - Found REVIEW$.txt (text/plain) in CBT.V508.FILE300.PDS, moved to PDS/REVIEW$
2025-04-04 07:29:46.332577 - Found REVIEW#.txt (text/plain) in CBT.V508.FILE300.PDS, moved to PDS/REVIEW#
2025-04-04 07:29:46.332700 - Found REVIEW@.txt (text/plain) in CBT.V508.FILE300.PDS, moved to PDS/REVIEW@
2025-04-04 07:29:46.332820 - Found REVSMF.txt (text/plain) in CBT.V508.FILE300.PDS, moved to PDS/REVSMF
2025-04-04 07:29:46.332930 - Found RLSE.txt (text/plain) in CBT.V508.FILE300.PDS, moved to PDS/RLSE
2025-04-04 07:29:46.333060 - Found RLSE$.jcl (text/plain) in CBT.V508.FILE300.PDS, moved to PDS/RLSE$
2025-04-04 07:29:46.333186 - Found RLSE$O.txt (text/plain) in CBT.V508.FILE300.PDS, moved to PDS/RLSE$O
2025-04-04 07:29:46.333448 - Found RLSE#.txt (text/plain) in CBT.V508.FILE300.PDS, moved to PDS/RLSE#
2025-04-04 07:29:46.333632 - Found RLSE@.txt (text/plain) in CBT.V508.FILE300.PDS, moved to PDS/RLSE@
2025-04-04 07:29:46.333798 - Found SAFECO##.txt (text/plain) in CBT.V508.FILE300.PDS, moved to PDS/SAFECO##
2025-04-04 07:29:46.333946 - Found SAFECOP$.txt (text/plain) in CBT.V508.FILE300.PDS, moved to PDS/SAFECOP$
2025-04-04 07:29:46.334081 - Found SAFECOP#.txt (text/plain) in CBT.V508.FILE300.PDS, moved to PDS/SAFECOP#
2025-04-04 07:29:46.334220 - Found SAFECOPY.txt (text/plain) in CBT.V508.FILE300.PDS, moved to PDS/SAFECOPY
2025-04-04 07:29:46.334349 - Found SCRATCH.txt (text/plain) in CBT.V508.FILE300.PDS, moved to PDS/SCRATCH
2025-04-04 07:29:46.334489 - Found SCRATCH$.jcl (text/plain) in CBT.V508.FILE300.PDS, moved to PDS/SCRATCH$
2025-04-04 07:29:46.334618 - Found SCRATCH#.txt (text/plain) in CBT.V508.FILE300.PDS, moved to PDS/SCRATCH#
2025-04-04 07:29:46.334742 - Found SCRATCH1.txt (text/plain) in CBT.V508.FILE300.PDS, moved to PDS/SCRATCH1
2025-04-04 07:29:46.334885 - Found SCRAT24.txt (text/plain) in CBT.V508.FILE300.PDS, moved to PDS/SCRAT24
2025-04-04 07:29:46.335005 - Found SHELP.txt (text/plain) in CBT.V508.FILE300.PDS, moved to PDS/SHELP
2025-04-04 07:29:46.335135 - Found SHELP$.txt (text/plain) in CBT.V508.FILE300.PDS, moved to PDS/SHELP$
2025-04-04 07:29:46.335275 - Found SHELP#.txt (text/plain) in CBT.V508.FILE300.PDS, moved to PDS/SHELP#
2025-04-04 07:29:46.335418 - Found SHOWDS.txt (text/plain) in CBT.V508.FILE300.PDS, moved to PDS/SHOWDS
2025-04-04 07:29:46.335557 - Found SHOWDS$.jcl (text/plain) in CBT.V508.FILE300.PDS, moved to PDS/SHOWDS$
2025-04-04 07:29:46.335666 - Found SHOWDS#.txt (text/plain) in CBT.V508.FILE300.PDS, moved to PDS/SHOWDS#
2025-04-04 07:29:46.335800 - Found SHOWDS01.txt (text/plain) in CBT.V508.FILE300.PDS, moved to PDS/SHOWDS01
2025-04-04 07:29:46.336090 - Found SHOWSPC.txt (text/plain) in CBT.V508.FILE300.PDS, moved to PDS/SHOWSPC
2025-04-04 07:29:46.336273 - Found SHOWSPC$.jcl (text/plain) in CBT.V508.FILE300.PDS, moved to PDS/SHOWSPC$
2025-04-04 07:29:46.336431 - Found SHOWSPC#.txt (text/plain) in CBT.V508.FILE300.PDS, moved to PDS/SHOWSPC#
2025-04-04 07:29:46.336573 - Found SHOWSP01.txt (text/plain) in CBT.V508.FILE300.PDS, moved to PDS/SHOWSP01
2025-04-04 07:29:46.336716 - Found SHOWSS.txt (text/plain) in CBT.V508.FILE300.PDS, moved to PDS/SHOWSS
2025-04-04 07:29:46.336851 - Found SHOWSS$.jcl (text/plain) in CBT.V508.FILE300.PDS, moved to PDS/SHOWSS$
2025-04-04 07:29:46.337010 - Found SHOWSS#.txt (text/plain) in CBT.V508.FILE300.PDS, moved to PDS/SHOWSS#
2025-04-04 07:29:46.337181 - Found SHOWSS00.txt (text/plain) in CBT.V508.FILE300.PDS, moved to PDS/SHOWSS00
2025-04-04 07:29:46.337338 - Found SOLICIT.txt (text/plain) in CBT.V508.FILE300.PDS, moved to PDS/SOLICIT
2025-04-04 07:29:46.337502 - Found SOLICIT$.txt (text/plain) in CBT.V508.FILE300.PDS, moved to PDS/SOLICIT$
2025-04-04 07:29:46.337663 - Found SOLICIT#.txt (text/plain) in CBT.V508.FILE300.PDS, moved to PDS/SOLICIT#
2025-04-04 07:29:46.337821 - Found SORTLNK.txt (text/plain) in CBT.V508.FILE300.PDS, moved to PDS/SORTLNK
2025-04-04 07:29:46.337981 - Found SPFCOPY.txt (text/plain) in CBT.V508.FILE300.PDS, moved to PDS/SPFCOPY
2025-04-04 07:29:46.338130 - Found SPFCOPY$.txt (text/plain) in CBT.V508.FILE300.PDS, moved to PDS/SPFCOPY$
2025-04-04 07:29:46.338284 - Found SPFHOLD.txt (text/plain) in CBT.V508.FILE300.PDS, moved to PDS/SPFHOLD
2025-04-04 07:29:46.338454 - Found SPFSVC.txt (text/plain) in CBT.V508.FILE300.PDS, moved to PDS/SPFSVC
2025-04-04 07:29:46.338610 - Found SPFSVC$.txt (text/plain) in CBT.V508.FILE300.PDS, moved to PDS/SPFSVC$
2025-04-04 07:29:46.338761 - Found SPFSVCO.txt (text/plain) in CBT.V508.FILE300.PDS, moved to PDS/SPFSVCO
2025-04-04 07:29:46.338919 - Found SPZAP.txt (text/plain) in CBT.V508.FILE300.PDS, moved to PDS/SPZAP
2025-04-04 07:29:46.339069 - Found SPZAP$.txt (text/plain) in CBT.V508.FILE300.PDS, moved to PDS/SPZAP$
2025-04-04 07:29:46.339215 - Found SPZAP#.txt (text/plain) in CBT.V508.FILE300.PDS, moved to PDS/SPZAP#
2025-04-04 07:29:46.339391 - Found STACK.txt (text/plain) in CBT.V508.FILE300.PDS, moved to PDS/STACK
2025-04-04 07:29:46.339548 - Found SUBMITX.txt (text/plain) in CBT.V508.FILE300.PDS, moved to PDS/SUBMITX
2025-04-04 07:29:46.339708 - Found SUBMITX$.txt (text/plain) in CBT.V508.FILE300.PDS, moved to PDS/SUBMITX$
2025-04-04 07:29:46.339845 - Found SYSDSN.txt (text/plain) in CBT.V508.FILE300.PDS, moved to PDS/SYSDSN
2025-04-04 07:29:46.339989 - Found SYSDSN$.txt (text/plain) in CBT.V508.FILE300.PDS, moved to PDS/SYSDSN$
2025-04-04 07:29:46.340133 - Found SYSDSN#.txt (text/plain) in CBT.V508.FILE300.PDS, moved to PDS/SYSDSN#
2025-04-04 07:29:46.340274 - Found SYSDSN##.txt (text/plain) in CBT.V508.FILE300.PDS, moved to PDS/SYSDSN##
2025-04-04 07:29:46.340416 - Found SYSID.txt (text/plain) in CBT.V508.FILE300.PDS, moved to PDS/SYSID
2025-04-04 07:29:46.340559 - Found SYSID$.txt (text/plain) in CBT.V508.FILE300.PDS, moved to PDS/SYSID$
2025-04-04 07:29:46.340723 - Found SYSOUT99.txt (text/plain) in CBT.V508.FILE300.PDS, moved to PDS/SYSOUT99
2025-04-04 07:29:46.340875 - Found SYSTEM.txt (text/plain) in CBT.V508.FILE300.PDS, moved to PDS/SYSTEM
2025-04-04 07:29:46.341022 - Found SYSTEM$.jcl (text/plain) in CBT.V508.FILE300.PDS, moved to PDS/SYSTEM$
2025-04-04 07:29:46.341171 - Found SYSTEM#.txt (text/plain) in CBT.V508.FILE300.PDS, moved to PDS/SYSTEM#
2025-04-04 07:29:46.341326 - Found SYSTEM00.txt (text/plain) in CBT.V508.FILE300.PDS, moved to PDS/SYSTEM00
2025-04-04 07:29:46.341442 - Found S99DAIR.txt (text/plain) in CBT.V508.FILE300.PDS, moved to PDS/S99DAIR
2025-04-04 07:29:46.341577 - Found TCAMTTY.bin (application/octet-stream) in CBT.V508.FILE300.PDS, moved to PDS/TCAMTTY
2025-04-04 07:29:46.341709 - Found TO.txt (text/plain) in CBT.V508.FILE300.PDS, moved to PDS/TO
2025-04-04 07:29:46.341833 - Found TO$JDM.txt (text/plain) in CBT.V508.FILE300.PDS, moved to PDS/TO$JDM
2025-04-04 07:29:46.341945 - Found TO$SBG.jcl (text/plain) in CBT.V508.FILE300.PDS, moved to PDS/TO$SBG
2025-04-04 07:29:46.342056 - Found TO#.txt (text/plain) in CBT.V508.FILE300.PDS, moved to PDS/TO#
2025-04-04 07:29:46.342171 - Found TODCNVRT.txt (text/plain) in CBT.V508.FILE300.PDS, moved to PDS/TODCNVRT
2025-04-04 07:29:46.342284 - Found TODPRINT.txt (text/plain) in CBT.V508.FILE300.PDS, moved to PDS/TODPRINT
2025-04-04 07:29:46.342414 - Found TO00.txt (text/plain) in CBT.V508.FILE300.PDS, moved to PDS/TO00
2025-04-04 07:29:46.342524 - Found TPRINT.txt (text/plain) in CBT.V508.FILE300.PDS, moved to PDS/TPRINT
2025-04-04 07:29:46.342632 - Found TPRINT$.txt (text/plain) in CBT.V508.FILE300.PDS, moved to PDS/TPRINT$
2025-04-04 07:29:46.342735 - Found TPRINT#.txt (text/plain) in CBT.V508.FILE300.PDS, moved to PDS/TPRINT#
2025-04-04 07:29:46.342864 - Found TSOCP.txt (text/plain) in CBT.V508.FILE300.PDS, moved to PDS/TSOCP
2025-04-04 07:29:46.342989 - Found TSOCP$.jcl (text/plain) in CBT.V508.FILE300.PDS, moved to PDS/TSOCP$
2025-04-04 07:29:46.343118 - Found TSOEXEC.txt (text/plain) in CBT.V508.FILE300.PDS, moved to PDS/TSOEXEC
2025-04-04 07:29:46.343237 - Found TSOEXEC$.txt (text/plain) in CBT.V508.FILE300.PDS, moved to PDS/TSOEXEC$
2025-04-04 07:29:46.343352 - Found TSOEXEC#.txt (text/plain) in CBT.V508.FILE300.PDS, moved to PDS/TSOEXEC#
2025-04-04 07:29:46.343473 - Found UADLST.txt (text/plain) in CBT.V508.FILE300.PDS, moved to PDS/UADLST
2025-04-04 07:29:46.343587 - Found UADLST$.jcl (text/plain) in CBT.V508.FILE300.PDS, moved to PDS/UADLST$
2025-04-04 07:29:46.343698 - Found UADLST#.txt (text/plain) in CBT.V508.FILE300.PDS, moved to PDS/UADLST#
2025-04-04 07:29:46.343806 - Found UADS.txt (text/plain) in CBT.V508.FILE300.PDS, moved to PDS/UADS
2025-04-04 07:29:46.343921 - Found UADS$.jcl (text/plain) in CBT.V508.FILE300.PDS, moved to PDS/UADS$
2025-04-04 07:29:46.344038 - Found UADS#.txt (text/plain) in CBT.V508.FILE300.PDS, moved to PDS/UADS#
2025-04-04 07:29:46.344172 - Found UADS@.txt (text/plain) in CBT.V508.FILE300.PDS, moved to PDS/UADS@
2025-04-04 07:29:46.344283 - Found UADSO.txt (text/plain) in CBT.V508.FILE300.PDS, moved to PDS/UADSO
2025-04-04 07:29:46.344404 - Found UCBSCAN.txt (text/plain) in CBT.V508.FILE300.PDS, moved to PDS/UCBSCAN
2025-04-04 07:29:46.344520 - Found UCBSCAN$.txt (text/plain) in CBT.V508.FILE300.PDS, moved to PDS/UCBSCAN$
2025-04-04 07:29:46.344627 - Found UNITS.txt (text/plain) in CBT.V508.FILE300.PDS, moved to PDS/UNITS
2025-04-04 07:29:46.344731 - Found UNITS$.jcl (text/plain) in CBT.V508.FILE300.PDS, moved to PDS/UNITS$
2025-04-04 07:29:46.344863 - Found UNITSO1.txt (text/plain) in CBT.V508.FILE300.PDS, moved to PDS/UNITSO1
2025-04-04 07:29:46.344988 - Found UNITS02.txt (text/plain) in CBT.V508.FILE300.PDS, moved to PDS/UNITS02
2025-04-04 07:29:46.345135 - Found USERS.jcl (text/plain) in CBT.V508.FILE300.PDS, moved to PDS/USERS
2025-04-04 07:29:46.345261 - Found USERSACT.txt (text/plain) in CBT.V508.FILE300.PDS, moved to PDS/USERSACT
2025-04-04 07:29:46.345372 - Found USERSC1.txt (text/plain) in CBT.V508.FILE300.PDS, moved to PDS/USERSC1
2025-04-04 07:29:46.345496 - Found USERS00.jcl (text/plain) in CBT.V508.FILE300.PDS, moved to PDS/USERS00
2025-04-04 07:29:46.345624 - Found USERS01.jcl (text/plain) in CBT.V508.FILE300.PDS, moved to PDS/USERS01
2025-04-04 07:29:46.345749 - Found VSFORT.txt (text/plain) in CBT.V508.FILE300.PDS, moved to PDS/VSFORT
2025-04-04 07:29:46.345868 - Found VSFORT$.txt (text/plain) in CBT.V508.FILE300.PDS, moved to PDS/VSFORT$
2025-04-04 07:29:46.345981 - Found VSFORT#3.txt (text/plain) in CBT.V508.FILE300.PDS, moved to PDS/VSFORT#3
2025-04-04 07:29:46.346091 - Found VSFORT#4.txt (text/plain) in CBT.V508.FILE300.PDS, moved to PDS/VSFORT#4
2025-04-04 07:29:46.346203 - Found VSFORT2.txt (text/plain) in CBT.V508.FILE300.PDS, moved to PDS/VSFORT2
2025-04-04 07:29:46.346321 - Found VSMRGN.txt (text/plain) in CBT.V508.FILE300.PDS, moved to PDS/VSMRGN
2025-04-04 07:29:46.346439 - Found VSMRGN$.jcl (text/plain) in CBT.V508.FILE300.PDS, moved to PDS/VSMRGN$
2025-04-04 07:29:46.346606 - Found VTOC.txt (text/plain) in CBT.V508.FILE300.PDS, moved to PDS/VTOC
2025-04-04 07:29:46.346714 - Found VTOC$.txt (text/plain) in CBT.V508.FILE300.PDS, moved to PDS/VTOC$
2025-04-04 07:29:46.346836 - Found VTOC#.txt (text/plain) in CBT.V508.FILE300.PDS, moved to PDS/VTOC#
2025-04-04 07:29:46.346952 - Found WHATIF.txt (text/plain) in CBT.V508.FILE300.PDS, moved to PDS/WHATIF
2025-04-04 07:29:46.347065 - Found WHATIF$.txt (text/plain) in CBT.V508.FILE300.PDS, moved to PDS/WHATIF$
2025-04-04 07:29:46.347177 - Found WHATIF#.txt (text/plain) in CBT.V508.FILE300.PDS, moved to PDS/WHATIF#
2025-04-04 07:29:46.347298 - Found WHOHAS.txt (text/plain) in CBT.V508.FILE300.PDS, moved to PDS/WHOHAS
2025-04-04 07:29:46.347408 - Found WHOHAS$.txt (text/plain) in CBT.V508.FILE300.PDS, moved to PDS/WHOHAS$
2025-04-04 07:29:46.347518 - Found WHOHAS#.jcl (text/plain) in CBT.V508.FILE300.PDS, moved to PDS/WHOHAS#
2025-04-04 07:29:46.347628 - Found WHOHAS2.txt (text/plain) in CBT.V508.FILE300.PDS, moved to PDS/WHOHAS2
2025-04-04 07:29:46.347751 - Found WTC.txt (text/plain) in CBT.V508.FILE300.PDS, moved to PDS/WTC
2025-04-04 07:29:46.347859 - Found WTC$.txt (text/plain) in CBT.V508.FILE300.PDS, moved to PDS/WTC$
2025-04-04 07:29:46.347963 - Found WTC#.txt (text/plain) in CBT.V508.FILE300.PDS, moved to PDS/WTC#
2025-04-04 07:29:46.348163 - Found ZAP.x-dosexec (application/x-dosexec) in CBT.V508.FILE300.PDS, moved to PDS/ZAP
2025-04-04 07:29:46.348271 - Found ZAP$.jcl (text/plain) in CBT.V508.FILE300.PDS, moved to PDS/ZAP$
2025-04-04 07:29:46.348385 - Found ZAP$DOC.txt (text/plain) in CBT.V508.FILE300.PDS, moved to PDS/ZAP$DOC
2025-04-04 07:29:46.348493 - Found ZAP$O.txt (text/plain) in CBT.V508.FILE300.PDS, moved to PDS/ZAP$O
2025-04-04 07:29:46.348616 - Found ZAP#.txt (text/plain) in CBT.V508.FILE300.PDS, moved to PDS/ZAP#
2025-04-04 07:29:46.348727 - Found ZAP#O.txt (text/plain) in CBT.V508.FILE300.PDS, moved to PDS/ZAP#O
2025-04-04 07:29:46.348843 - Found ZAP@.txt (text/plain) in CBT.V508.FILE300.PDS, moved to PDS/ZAP@
2025-04-04 07:29:46.349040 - Found ZAPO.x-dosexec (application/x-dosexec) in CBT.V508.FILE300.PDS, moved to PDS/ZAPO
